iverilog -g2005-sv -s tb_SimpleAdd -o tb_SimpleAdd.vvp p2_tb.sv memory.sv regfile.sv mips.sv
vvp -n tb_SimpleAdd.vvp
WARNING: memory.sv:8: $readmemh(SimpleAdd.x): Not enough words in the file for the requested range [0:262143].
WARNING: memory.sv:8: $readmemh(SimpleAdd.x): Not enough words in the file for the requested range [0:262143].
VCD info: dumpfile dump.vcd opened for output.
pc 80020000 write 8011ffe8 to r29
pc 80020004 write 8011fffc to r30
pc 80020008 write 8011f009 to r0
pc 8002000c write 00000003 to r2
pc 80020010 write 8011fffc to r2
pc 80020014 write 00000002 to r2
pc 80020018 write 80120000 to r2
pc 8002001c write 80120004 to r0
pc 80020020 write 8011fffc to r3
pc 80020024 write 80120000 to r2
pc 80020028 write 8012101d to r2
pc 8002002c write 80120004 to r2
pc 80020030 write 80120004 to r2
pc 80020034 write 8011e81d to r0
pc 80020038 write 8011fffc to r30
pc 8002003c write 80120000 to r29
pc 80020040 write 00000008 to r0
